# JRE version: OpenJDK Runtime Environment (8.0_242-b01) (build 1.8.0_242-release-1644-b01)
# Java VM: OpenJDK 64-Bit Server VM (25.242-b01 mixed mode windows-amd64 compressed oops)
Heap:
 PSYoungGen      total 74240K, used 69420K [0x00000000d5580000, 0x00000000de480000, 0x0000000100000000)
  eden space 64512K, 98% used [0x00000000d5580000,0x00000000d93b79a8,0x00000000d9480000)
  from space 9728K, 58% used [0x00000000d9f00000,0x00000000da4936d8,0x00000000da880000)
  to   space 10752K, 0% used [0x00000000d9480000,0x00000000d9480000,0x00000000d9f00000)
 ParOldGen       total 45568K, used 6957K [0x0000000080000000, 0x0000000082c80000, 0x00000000d5580000)
  object space 45568K, 15% used [0x0000000080000000,0x00000000806cb4f8,0x0000000082c80000)
 Metaspace       used 32589K, capacity 33814K, committed 33920K, reserved 1079296K
  class space    used 4413K, capacity 4714K, committed 4736K, reserved 1048576K
GC Heap History (10 events):
Event: 4.807 GC heap before
{Heap before GC invocations=5 (full 0):
 PSYoungGen      total 37888K, used 37864K [0x00000000d5580000, 0x00000000d7f80000, 0x0000000100000000)
  eden space 32768K, 100% used [0x00000000d5580000,0x00000000d7580000,0x00000000d7580000)
  from space 5120K, 99% used [0x00000000d7a80000,0x00000000d7f7a020,0x00000000d7f80000)
  to   space 5120K, 0% used [0x00000000d7580000,0x00000000d7580000,0x00000000d7a80000)
 ParOldGen       total 86016K, used 3500K [0x0000000080000000, 0x0000000085400000, 0x00000000d5580000)
  object space 86016K, 4% used [0x0000000080000000,0x000000008036b260,0x0000000085400000)
 Metaspace       used 17448K, capacity 18098K, committed 18176K, reserved 1064960K
  class space    used 2374K, capacity 2547K, committed 2560K, reserved 1048576K
Event: 4.814 GC heap after
Heap after GC invocations=5 (full 0):
 PSYoungGen      total 37888K, used 5096K [0x00000000d5580000, 0x00000000da880000, 0x0000000100000000)
  eden space 32768K, 0% used [0x00000000d5580000,0x00000000d5580000,0x00000000d7580000)
  from space 5120K, 99% used [0x00000000d7580000,0x00000000d7a7a040,0x00000000d7a80000)
  to   space 9728K, 0% used [0x00000000d9f00000,0x00000000d9f00000,0x00000000da880000)
 ParOldGen       total 86016K, used 6534K [0x0000000080000000, 0x0000000085400000, 0x00000000d5580000)
  object space 86016K, 7% used [0x0000000080000000,0x0000000080661bd8,0x0000000085400000)
 Metaspace       used 17448K, capacity 18098K, committed 18176K, reserved 1064960K
  class space    used 2374K, capacity 2547K, committed 2560K, reserved 1048576K
}
Event: 5.140 GC heap before
{Heap before GC invocations=6 (full 0):
 PSYoungGen      total 37888K, used 37864K [0x00000000d5580000, 0x00000000da880000, 0x0000000100000000)
  eden space 32768K, 100% used [0x00000000d5580000,0x00000000d7580000,0x00000000d7580000)
  from space 5120K, 99% used [0x00000000d7580000,0x00000000d7a7a040,0x00000000d7a80000)
  to   space 9728K, 0% used [0x00000000d9f00000,0x00000000d9f00000,0x00000000da880000)
 ParOldGen       total 86016K, used 6534K [0x0000000080000000, 0x0000000085400000, 0x00000000d5580000)
  object space 86016K, 7% used [0x0000000080000000,0x0000000080661bd8,0x0000000085400000)
 Metaspace       used 20397K, capacity 21140K, committed 21248K, reserved 1067008K
  class space    used 2844K, capacity 3032K, committed 3072K, reserved 1048576K
Event: 5.146 GC heap after
Heap after GC invocations=6 (full 0):
 PSYoungGen      total 73728K, used 8946K [0x00000000d5580000, 0x00000000dab80000, 0x0000000100000000)
  eden space 64000K, 0% used [0x00000000d5580000,0x00000000d5580000,0x00000000d9400000)
  from space 9728K, 91% used [0x00000000d9f00000,0x00000000da7bcbf8,0x00000000da880000)
  to   space 11264K, 0% used [0x00000000d9400000,0x00000000d9400000,0x00000000d9f00000)
 ParOldGen       total 86016K, used 6542K [0x0000000080000000, 0x0000000085400000, 0x00000000d5580000)
  object space 86016K, 7% used [0x0000000080000000,0x0000000080663bd8,0x0000000085400000)
 Metaspace       used 20397K, capacity 21140K, committed 21248K, reserved 1067008K
  class space    used 2844K, capacity 3032K, committed 3072K, reserved 1048576K
}
Event: 5.153 GC heap before
{Heap before GC invocations=7 (full 0):
 PSYoungGen      total 73728K, used 10360K [0x00000000d5580000, 0x00000000dab80000, 0x0000000100000000)
  eden space 64000K, 2% used [0x00000000d5580000,0x00000000d56e17d0,0x00000000d9400000)
  from space 9728K, 91% used [0x00000000d9f00000,0x00000000da7bcbf8,0x00000000da880000)
  to   space 11264K, 0% used [0x00000000d9400000,0x00000000d9400000,0x00000000d9f00000)
 ParOldGen       total 86016K, used 6542K [0x0000000080000000, 0x0000000085400000, 0x00000000d5580000)
  object space 86016K, 7% used [0x0000000080000000,0x0000000080663bd8,0x0000000085400000)
 Metaspace       used 20459K, capacity 21216K, committed 21296K, reserved 1067008K
  class space    used 2852K, capacity 3034K, committed 3072K, reserved 1048576K
Event: 5.156 GC heap after
Heap after GC invocations=7 (full 0):
 PSYoungGen      total 75264K, used 3984K [0x00000000d5580000, 0x00000000dab80000, 0x0000000100000000)
  eden space 64000K, 0% used [0x00000000d5580000,0x00000000d5580000,0x00000000d9400000)
  from space 11264K, 35% used [0x00000000d9400000,0x00000000d97e4040,0x00000000d9f00000)
  to   space 9728K, 0% used [0x00000000d9f00000,0x00000000d9f00000,0x00000000da880000)
 ParOldGen       total 86016K, used 8983K [0x0000000080000000, 0x0000000085400000, 0x00000000d5580000)
  object space 86016K, 10% used [0x0000000080000000,0x00000000808c5c38,0x0000000085400000)
 Metaspace       used 20459K, capacity 21216K, committed 21296K, reserved 1067008K
  class space    used 2852K, capacity 3034K, committed 3072K, reserved 1048576K
}
Event: 5.157 GC heap before
{Heap before GC invocations=8 (full 1):
 PSYoungGen      total 75264K, used 3984K [0x00000000d5580000, 0x00000000dab80000, 0x0000000100000000)
  eden space 64000K, 0% used [0x00000000d5580000,0x00000000d5580000,0x00000000d9400000)
  from space 11264K, 35% used [0x00000000d9400000,0x00000000d97e4040,0x00000000d9f00000)
  to   space 9728K, 0% used [0x00000000d9f00000,0x00000000d9f00000,0x00000000da880000)
 ParOldGen       total 86016K, used 8983K [0x0000000080000000, 0x0000000085400000, 0x00000000d5580000)
  object space 86016K, 10% used [0x0000000080000000,0x00000000808c5c38,0x0000000085400000)
 Metaspace       used 20459K, capacity 21216K, committed 21296K, reserved 1067008K
  class space    used 2852K, capacity 3034K, committed 3072K, reserved 1048576K
Event: 5.179 GC heap after
Heap after GC invocations=8 (full 1):
 PSYoungGen      total 75264K, used 0K [0x00000000d5580000, 0x00000000dab80000, 0x0000000100000000)
  eden space 64000K, 0% used [0x00000000d5580000,0x00000000d5580000,0x00000000d9400000)
  from space 11264K, 0% used [0x00000000d9400000,0x00000000d9400000,0x00000000d9f00000)
  to   space 9728K, 0% used [0x00000000d9f00000,0x00000000d9f00000,0x00000000da880000)
 ParOldGen       total 45568K, used 6949K [0x0000000080000000, 0x0000000082c80000, 0x00000000d5580000)
  object space 45568K, 15% used [0x0000000080000000,0x00000000806c94f8,0x0000000082c80000)
 Metaspace       used 20459K, capacity 21216K, committed 21296K, reserved 1067008K
  class space    used 2852K, capacity 3034K, committed 3072K, reserved 1048576K
}
Event: 5.889 GC heap before
{Heap before GC invocations=9 (full 1):
 PSYoungGen      total 75264K, used 64000K [0x00000000d5580000, 0x00000000dab80000, 0x0000000100000000)
  eden space 64000K, 100% used [0x00000000d5580000,0x00000000d9400000,0x00000000d9400000)
  from space 11264K, 0% used [0x00000000d9400000,0x00000000d9400000,0x00000000d9f00000)
  to   space 9728K, 0% used [0x00000000d9f00000,0x00000000d9f00000,0x00000000da880000)
 ParOldGen       total 45568K, used 6949K [0x0000000080000000, 0x0000000082c80000, 0x00000000d5580000)
  object space 45568K, 15% used [0x0000000080000000,0x00000000806c94f8,0x0000000082c80000)
 Metaspace       used 24527K, capacity 25642K, committed 25856K, reserved 1071104K
  class space    used 3504K, capacity 3805K, committed 3840K, reserved 1048576K
Event: 5.893 GC heap after
Heap after GC invocations=9 (full 1):
 PSYoungGen      total 74240K, used 5709K [0x00000000d5580000, 0x00000000de480000, 0x0000000100000000)
  eden space 64512K, 0% used [0x00000000d5580000,0x00000000d5580000,0x00000000d9480000)
  from space 9728K, 58% used [0x00000000d9f00000,0x00000000da4936d8,0x00000000da880000)
  to   space 10752K, 0% used [0x00000000d9480000,0x00000000d9480000,0x00000000d9f00000)
 ParOldGen       total 45568K, used 6957K [0x0000000080000000, 0x0000000082c80000, 0x00000000d5580000)
  object space 45568K, 15% used [0x0000000080000000,0x00000000806cb4f8,0x0000000082c80000)
 Metaspace       used 24527K, capacity 25642K, committed 25856K, reserved 1071104K
  class space    used 3504K, capacity 3805K, committed 3840K, reserved 1048576K
}

